<?xml version="1.0" encoding="UTF-8"?>
<!-- Generated by org.testng.reporters.JUnitReportReporter -->
<testsuite hostname="DESKTOP-7PHU205" failures="0" tests="1" name="StepDefinations.logintest" time="8.487" errors="0" timestamp="2022-02-17T20:17:48 IST" skipped="0">
  <testcase classname="StepDefinations.logintest" name="title" time="8.487"/>
  <system-out/>
</testsuite> <!-- StepDefinations.logintest -->
