<?xml version="1.0" encoding="UTF-8"?>
<!-- Generated by org.testng.reporters.JUnitReportReporter -->
<testsuite hostname="DESKTOP-7PHU205" failures="0" tests="1" name="StepDefinations.basicgooglesearchsteps" time="8.522" errors="0" timestamp="2022-02-18T19:19:54 IST" skipped="0">
  <testcase classname="StepDefinations.basicgooglesearchsteps" name="runScenario" time="8.522"/>
  <system-out/>
</testsuite> <!-- StepDefinations.basicgooglesearchsteps -->
