<?xml version="1.0" encoding="UTF-8"?>
<!-- Generated by org.testng.reporters.JUnitReportReporter -->
<testsuite skipped="0" hostname="DESKTOP-7PHU205" name="config.TestRunner" tests="1" failures="0" timestamp="2022-02-22T16:17:25 IST" time="7.795" errors="0">
  <testcase name="runScenario" time="7.795" classname="config.TestRunner"/>
  <system-out/>
</testsuite> <!-- config.TestRunner -->
