<?xml version="1.0" encoding="UTF-8"?>
<!-- Generated by org.testng.reporters.JUnitReportReporter -->
<testsuite skipped="0" hostname="DESKTOP-7PHU205" name="StepDefinations.basicgooglesearchsteps" tests="1" failures="0" timestamp="2022-02-18T22:30:15 IST" time="7.882" errors="0">
  <testcase name="runScenario" time="7.882" classname="StepDefinations.basicgooglesearchsteps"/>
  <system-out/>
</testsuite> <!-- StepDefinations.basicgooglesearchsteps -->
