<?xml version="1.0" encoding="UTF-8"?>
<!-- Generated by org.testng.reporters.JUnitReportReporter -->
<testsuite skipped="0" hostname="DESKTOP-7PHU205" name="StepDefinations.basicgooglesearchsteps" tests="1" failures="0" timestamp="2022-02-22T11:50:02 IST" time="8.295" errors="0">
  <testcase name="runScenario" time="8.295" classname="StepDefinations.basicgooglesearchsteps"/>
  <system-out/>
</testsuite> <!-- StepDefinations.basicgooglesearchsteps -->
