<?xml version="1.0" encoding="UTF-8"?>
<!-- Generated by org.testng.reporters.JUnitReportReporter -->
<testsuite skipped="0" hostname="DESKTOP-7PHU205" name="StepDefinations.basicgooglesearchsteps" tests="1" failures="0" timestamp="2022-02-24T15:13:26 IST" time="7.602" errors="0">
  <testcase name="Scenario" time="7.602" classname="StepDefinations.basicgooglesearchsteps"/>
  <system-out>
    <![CDATA[Scenario Test Case Excution Started
Test Passed]]>
  </system-out>
</testsuite> <!-- StepDefinations.basicgooglesearchsteps -->
